State 159 conflicts: 2 reduce/reduce
State 183 conflicts: 1 shift/reduce


Grammar

    0 $accept: program $end

    1 program: toplevel_list

    2 toplevel_list: ε
    3              | toplevel_list toplevel

    4 toplevel: receita
    5         | reacao
    6         | decl_global
    7         | stmt

    8 receita: RECEITA STRING bloco_receita

    9 bloco_receita: LBRACE bloco_receita_items RBRACE

   10 bloco_receita_items: ε
   11                    | bloco_receita_items bloco_receita_item

   12 bloco_receita_item: decl_senso
   13                   | decl_local
   14                   | stmt
   15                   | ato SEMICOLON

   16 reacao: QUANDO evento_tipo ARROW ato SEMICOLON

   17 evento_tipo: PRONTO
   18            | ERRO
   19            | SEM_AGUA
   20            | SUPERAQUECIMENTO
   21            | SEM_COPO
   22            | PORTA_ABERTA

   23 decl_senso: PERFIL LBRACE perf_items RBRACE SEMICOLON
   24           | TEMPERATURA medida_temp SEMICOLON
   25           | EXTRAIR medida_vol EM medida_tempo SEMICOLON
   26           | PRESSAO_ALVO NUMBER BAR SEMICOLON

   27 perf_items: ε
   28           | perf_items perf_item

   29 perf_item: CORPO nivel SEMICOLON
   30          | ACIDEZ nivel SEMICOLON
   31          | AROMA nivel SEMICOLON
   32          | INTENSIDADE nivel SEMICOLON

   33 nivel: SUAVE
   34      | MEDIO
   35      | FORTE
   36      | INTENSO

   37 decl_global: decl

   38 decl_local: decl

   39 decl: var_decl
   40     | const_decl

   41 var_decl: DEF IDENTIFIER COLON tipo SEMICOLON
   42         | DEF IDENTIFIER COLON tipo ASSIGN_OP expr SEMICOLON

   43 const_decl: CONST IDENTIFIER COLON tipo ASSIGN_OP expr SEMICOLON

   44 tipo: NUM_TYPE
   45     | BOOL_TYPE
   46     | TEXTO_TYPE
   47     | ML_TYPE
   48     | G_TYPE
   49     | S_TYPE
   50     | MS_TYPE
   51     | CELSIUS_TYPE

   52 stmt: assign SEMICOLON
   53     | if_stmt
   54     | while_stmt
   55     | repeat_stmt
   56     | for_range_stmt
   57     | SAIR SEMICOLON
   58     | PULAR SEMICOLON
   59     | bloco

   60 bloco: LBRACE bloco_items RBRACE

   61 bloco_items: ε
   62            | bloco_items bloco_item

   63 bloco_item: decl
   64           | stmt
   65           | ato SEMICOLON

   66 assign: lvalue ASSIGN_OP expr

   67 lvalue: IDENTIFIER

   68 if_stmt: SE LPAREN expr RPAREN stmt
   69        | SE LPAREN expr RPAREN stmt SENAO stmt

   70 while_stmt: ENQUANTO LPAREN expr RPAREN stmt

   71 repeat_stmt: REPETIR expr VEZES bloco

   72 for_range_stmt: PARA IDENTIFIER EM expr RANGE expr bloco

   73 ato: acao
   74    | acao argumentos

   75 acao: MOER
   76     | AQUECER
   77     | BOMBEAR
   78     | SERVIR
   79     | VAPORIZAR
   80     | PAUSAR
   81     | TOCAR
   82     | LIMPAR
   83     | ENXAGUAR
   84     | DESPRESSURIZAR

   85 argumentos: arg
   86           | argumentos COMMA arg

   87 arg: expr
   88    | medida_vol
   89    | medida_peso
   90    | medida_temp
   91    | medida_tempo
   92    | STRING

   93 expr: logic_or

   94 logic_or: logic_and
   95         | logic_or OU logic_and
   96         | logic_or OR_OP logic_and

   97 logic_and: equality
   98          | logic_and E equality
   99          | logic_and AND_OP equality

  100 equality: relational
  101         | equality EQ_OP relational
  102         | equality NE_OP relational

  103 relational: additive
  104           | relational LT_OP additive
  105           | relational LE_OP additive
  106           | relational GT_OP additive
  107           | relational GE_OP additive

  108 additive: multiplicative
  109         | additive PLUS multiplicative
  110         | additive MINUS multiplicative

  111 multiplicative: unary
  112               | multiplicative MULT unary
  113               | multiplicative DIV unary
  114               | multiplicative MOD unary

  115 unary: primary
  116      | PLUS unary
  117      | MINUS unary
  118      | NOT unary
  119      | NAO unary

  120 primary: NUMBER
  121        | bool_literal
  122        | STRING
  123        | sensor_zeroarg
  124        | lvalue
  125        | LPAREN expr RPAREN

  126 bool_literal: VERDADEIRO
  127             | FALSO

  128 sensor_zeroarg: sensor_nome LPAREN RPAREN

  129 sensor_nome: TEMP
  130            | PRESSAO
  131            | AGUA
  132            | GRAOS
  133            | FLUXO
  134            | COPO
  135            | PORTA

  136 medida_vol: NUMBER ML_TYPE

  137 medida_peso: NUMBER G_TYPE

  138 medida_tempo: NUMBER S_TYPE
  139             | NUMBER MS_TYPE

  140 medida_temp: NUMBER CELSIUS_UNIT
  141            | NUMBER C_UNIT


Terminals, with rules where they appear

    $end (0) 0
    error (256)
    RECEITA (258) 8
    QUANDO (259) 16
    PERFIL (260) 23
    TEMPERATURA (261) 24
    EXTRAIR (262) 25
    EM (263) 25 72
    PRESSAO_ALVO (264) 26
    PRONTO (265) 17
    ERRO (266) 18
    SEM_AGUA (267) 19
    SUPERAQUECIMENTO (268) 20
    SEM_COPO (269) 21
    PORTA_ABERTA (270) 22
    SUAVE (271) 33
    MEDIO (272) 34
    FORTE (273) 35
    INTENSO (274) 36
    CORPO (275) 29
    ACIDEZ (276) 30
    AROMA (277) 31
    INTENSIDADE (278) 32
    DEF (279) 41 42
    CONST (280) 43
    NUM_TYPE (281) 44
    BOOL_TYPE (282) 45
    TEXTO_TYPE (283) 46
    ML_TYPE (284) 47 136
    G_TYPE (285) 48 137
    S_TYPE (286) 49 138
    MS_TYPE (287) 50 139
    CELSIUS_TYPE (288) 51
    SE (289) 68 69
    SENAO (290) 69
    ENQUANTO (291) 70
    REPETIR (292) 71
    VEZES (293) 71
    PARA (294) 72
    SAIR (295) 57
    PULAR (296) 58
    MOER (297) 75
    AQUECER (298) 76
    BOMBEAR (299) 77
    SERVIR (300) 78
    VAPORIZAR (301) 79
    PAUSAR (302) 80
    TOCAR (303) 81
    LIMPAR (304) 82
    ENXAGUAR (305) 83
    DESPRESSURIZAR (306) 84
    TEMP (307) 129
    PRESSAO (308) 130
    AGUA (309) 131
    GRAOS (310) 132
    FLUXO (311) 133
    COPO (312) 134
    PORTA (313) 135
    VERDADEIRO (314) 126
    FALSO (315) 127
    OU (316) 95
    E (317) 98
    NAO (318) 119
    OR_OP (319) 96
    AND_OP (320) 99
    EQ_OP (321) 101
    NE_OP (322) 102
    LE_OP (323) 105
    GE_OP (324) 107
    LT_OP (325) 104
    GT_OP (326) 106
    ASSIGN_OP (327) 42 43 66
    ARROW (328) 16
    RANGE (329) 72
    BAR (330) 26
    CELSIUS_UNIT (331) 140
    C_UNIT (332) 141
    LBRACE (333) 9 23 60
    RBRACE (334) 9 23 60
    LPAREN (335) 68 69 70 125 128
    RPAREN (336) 68 69 70 125 128
    SEMICOLON (337) 15 16 23 24 25 26 29 30 31 32 41 42 43 52 57 58 65
    COLON (338) 41 42 43
    COMMA (339) 86
    PLUS (340) 109 116
    MINUS (341) 110 117
    MULT (342) 112
    DIV (343) 113
    MOD (344) 114
    NOT (345) 118
    IDENTIFIER <str> (346) 41 42 43 67 72
    STRING <str> (347) 8 92 122
    NUMBER <num> (348) 26 120 136 137 138 139 140 141
    UMINUS (349)
    UPLUS (350)


Nonterminals, with rules where they appear

    $accept (96)
        on left: 0
    program (97)
        on left: 1
        on right: 0
    toplevel_list (98)
        on left: 2 3
        on right: 1 3
    toplevel (99)
        on left: 4 5 6 7
        on right: 3
    receita (100)
        on left: 8
        on right: 4
    bloco_receita (101)
        on left: 9
        on right: 8
    bloco_receita_items (102)
        on left: 10 11
        on right: 9 11
    bloco_receita_item (103)
        on left: 12 13 14 15
        on right: 11
    reacao (104)
        on left: 16
        on right: 5
    evento_tipo (105)
        on left: 17 18 19 20 21 22
        on right: 16
    decl_senso (106)
        on left: 23 24 25 26
        on right: 12
    perf_items (107)
        on left: 27 28
        on right: 23 28
    perf_item (108)
        on left: 29 30 31 32
        on right: 28
    nivel (109)
        on left: 33 34 35 36
        on right: 29 30 31 32
    decl_global (110)
        on left: 37
        on right: 6
    decl_local (111)
        on left: 38
        on right: 13
    decl (112)
        on left: 39 40
        on right: 37 38 63
    var_decl (113)
        on left: 41 42
        on right: 39
    const_decl (114)
        on left: 43
        on right: 40
    tipo (115)
        on left: 44 45 46 47 48 49 50 51
        on right: 41 42 43
    stmt (116)
        on left: 52 53 54 55 56 57 58 59
        on right: 7 14 64 68 69 70
    bloco (117)
        on left: 60
        on right: 59 71 72
    bloco_items (118)
        on left: 61 62
        on right: 60 62
    bloco_item (119)
        on left: 63 64 65
        on right: 62
    assign (120)
        on left: 66
        on right: 52
    lvalue (121)
        on left: 67
        on right: 66 124
    if_stmt (122)
        on left: 68 69
        on right: 53
    while_stmt (123)
        on left: 70
        on right: 54
    repeat_stmt (124)
        on left: 71
        on right: 55
    for_range_stmt (125)
        on left: 72
        on right: 56
    ato (126)
        on left: 73 74
        on right: 15 16 65
    acao (127)
        on left: 75 76 77 78 79 80 81 82 83 84
        on right: 73 74
    argumentos (128)
        on left: 85 86
        on right: 74 86
    arg (129)
        on left: 87 88 89 90 91 92
        on right: 85 86
    expr (130)
        on left: 93
        on right: 42 43 66 68 69 70 71 72 87 125
    logic_or (131)
        on left: 94 95 96
        on right: 93 95 96
    logic_and (132)
        on left: 97 98 99
        on right: 94 95 96 98 99
    equality (133)
        on left: 100 101 102
        on right: 97 98 99 101 102
    relational (134)
        on left: 103 104 105 106 107
        on right: 100 101 102 104 105 106 107
    additive (135)
        on left: 108 109 110
        on right: 103 104 105 106 107 109 110
    multiplicative (136)
        on left: 111 112 113 114
        on right: 108 109 110 112 113 114
    unary (137)
        on left: 115 116 117 118 119
        on right: 111 112 113 114 116 117 118 119
    primary (138)
        on left: 120 121 122 123 124 125
        on right: 115
    bool_literal (139)
        on left: 126 127
        on right: 121
    sensor_zeroarg (140)
        on left: 128
        on right: 123
    sensor_nome (141)
        on left: 129 130 131 132 133 134 135
        on right: 128
    medida_vol (142)
        on left: 136
        on right: 25 88
    medida_peso (143)
        on left: 137
        on right: 89
    medida_tempo (144)
        on left: 138 139
        on right: 25 91
    medida_temp (145)
        on left: 140 141
        on right: 24 90


State 0

    0 $accept: • program $end

    $default  reduce using rule 2 (toplevel_list)

    program        go to state 1
    toplevel_list  go to state 2


State 1

    0 $accept: program • $end

    $end  shift, and go to state 3


State 2

    1 program: toplevel_list •
    3 toplevel_list: toplevel_list • toplevel

    RECEITA     shift, and go to state 4
    QUANDO      shift, and go to state 5
    DEF         shift, and go to state 6
    CONST       shift, and go to state 7
    SE          shift, and go to state 8
    ENQUANTO    shift, and go to state 9
    REPETIR     shift, and go to state 10
    PARA        shift, and go to state 11
    SAIR        shift, and go to state 12
    PULAR       shift, and go to state 13
    LBRACE      shift, and go to state 14
    IDENTIFIER  shift, and go to state 15

    $default  reduce using rule 1 (program)

    toplevel        go to state 16
    receita         go to state 17
    reacao          go to state 18
    decl_global     go to state 19
    decl            go to state 20
    var_decl        go to state 21
    const_decl      go to state 22
    stmt            go to state 23
    bloco           go to state 24
    assign          go to state 25
    lvalue          go to state 26
    if_stmt         go to state 27
    while_stmt      go to state 28
    repeat_stmt     go to state 29
    for_range_stmt  go to state 30


State 3

    0 $accept: program $end •

    $default  accept


State 4

    8 receita: RECEITA • STRING bloco_receita

    STRING  shift, and go to state 31


State 5

   16 reacao: QUANDO • evento_tipo ARROW ato SEMICOLON

    PRONTO            shift, and go to state 32
    ERRO              shift, and go to state 33
    SEM_AGUA          shift, and go to state 34
    SUPERAQUECIMENTO  shift, and go to state 35
    SEM_COPO          shift, and go to state 36
    PORTA_ABERTA      shift, and go to state 37

    evento_tipo  go to state 38


State 6

   41 var_decl: DEF • IDENTIFIER COLON tipo SEMICOLON
   42         | DEF • IDENTIFIER COLON tipo ASSIGN_OP expr SEMICOLON

    IDENTIFIER  shift, and go to state 39


State 7

   43 const_decl: CONST • IDENTIFIER COLON tipo ASSIGN_OP expr SEMICOLON

    IDENTIFIER  shift, and go to state 40


State 8

   68 if_stmt: SE • LPAREN expr RPAREN stmt
   69        | SE • LPAREN expr RPAREN stmt SENAO stmt

    LPAREN  shift, and go to state 41


State 9

   70 while_stmt: ENQUANTO • LPAREN expr RPAREN stmt

    LPAREN  shift, and go to state 42


State 10

   71 repeat_stmt: REPETIR • expr VEZES bloco

    TEMP        shift, and go to state 43
    PRESSAO     shift, and go to state 44
    AGUA        shift, and go to state 45
    GRAOS       shift, and go to state 46
    FLUXO       shift, and go to state 47
    COPO        shift, and go to state 48
    PORTA       shift, and go to state 49
    VERDADEIRO  shift, and go to state 50
    FALSO       shift, and go to state 51
    NAO         shift, and go to state 52
    LPAREN      shift, and go to state 53
    PLUS        shift, and go to state 54
    MINUS       shift, and go to state 55
    NOT         shift, and go to state 56
    IDENTIFIER  shift, and go to state 15
    STRING      shift, and go to state 57
    NUMBER      shift, and go to state 58

    lvalue          go to state 59
    expr            go to state 60
    logic_or        go to state 61
    logic_and       go to state 62
    equality        go to state 63
    relational      go to state 64
    additive        go to state 65
    multiplicative  go to state 66
    unary           go to state 67
    primary         go to state 68
    bool_literal    go to state 69
    sensor_zeroarg  go to state 70
    sensor_nome     go to state 71


State 11

   72 for_range_stmt: PARA • IDENTIFIER EM expr RANGE expr bloco

    IDENTIFIER  shift, and go to state 72


State 12

   57 stmt: SAIR • SEMICOLON

    SEMICOLON  shift, and go to state 73


State 13

   58 stmt: PULAR • SEMICOLON

    SEMICOLON  shift, and go to state 74


State 14

   60 bloco: LBRACE • bloco_items RBRACE

    $default  reduce using rule 61 (bloco_items)

    bloco_items  go to state 75


State 15

   67 lvalue: IDENTIFIER •

    $default  reduce using rule 67 (lvalue)


State 16

    3 toplevel_list: toplevel_list toplevel •

    $default  reduce using rule 3 (toplevel_list)


State 17

    4 toplevel: receita •

    $default  reduce using rule 4 (toplevel)


State 18

    5 toplevel: reacao •

    $default  reduce using rule 5 (toplevel)


State 19

    6 toplevel: decl_global •

    $default  reduce using rule 6 (toplevel)


State 20

   37 decl_global: decl •

    $default  reduce using rule 37 (decl_global)


State 21

   39 decl: var_decl •

    $default  reduce using rule 39 (decl)


State 22

   40 decl: const_decl •

    $default  reduce using rule 40 (decl)


State 23

    7 toplevel: stmt •

    $default  reduce using rule 7 (toplevel)


State 24

   59 stmt: bloco •

    $default  reduce using rule 59 (stmt)


State 25

   52 stmt: assign • SEMICOLON

    SEMICOLON  shift, and go to state 76


State 26

   66 assign: lvalue • ASSIGN_OP expr

    ASSIGN_OP  shift, and go to state 77


State 27

   53 stmt: if_stmt •

    $default  reduce using rule 53 (stmt)


State 28

   54 stmt: while_stmt •

    $default  reduce using rule 54 (stmt)


State 29

   55 stmt: repeat_stmt •

    $default  reduce using rule 55 (stmt)


State 30

   56 stmt: for_range_stmt •

    $default  reduce using rule 56 (stmt)


State 31

    8 receita: RECEITA STRING • bloco_receita

    LBRACE  shift, and go to state 78

    bloco_receita  go to state 79


State 32

   17 evento_tipo: PRONTO •

    $default  reduce using rule 17 (evento_tipo)


State 33

   18 evento_tipo: ERRO •

    $default  reduce using rule 18 (evento_tipo)


State 34

   19 evento_tipo: SEM_AGUA •

    $default  reduce using rule 19 (evento_tipo)


State 35

   20 evento_tipo: SUPERAQUECIMENTO •

    $default  reduce using rule 20 (evento_tipo)


State 36

   21 evento_tipo: SEM_COPO •

    $default  reduce using rule 21 (evento_tipo)


State 37

   22 evento_tipo: PORTA_ABERTA •

    $default  reduce using rule 22 (evento_tipo)


State 38

   16 reacao: QUANDO evento_tipo • ARROW ato SEMICOLON

    ARROW  shift, and go to state 80


State 39

   41 var_decl: DEF IDENTIFIER • COLON tipo SEMICOLON
   42         | DEF IDENTIFIER • COLON tipo ASSIGN_OP expr SEMICOLON

    COLON  shift, and go to state 81


State 40

   43 const_decl: CONST IDENTIFIER • COLON tipo ASSIGN_OP expr SEMICOLON

    COLON  shift, and go to state 82


State 41

   68 if_stmt: SE LPAREN • expr RPAREN stmt
   69        | SE LPAREN • expr RPAREN stmt SENAO stmt

    TEMP        shift, and go to state 43
    PRESSAO     shift, and go to state 44
    AGUA        shift, and go to state 45
    GRAOS       shift, and go to state 46
    FLUXO       shift, and go to state 47
    COPO        shift, and go to state 48
    PORTA       shift, and go to state 49
    VERDADEIRO  shift, and go to state 50
    FALSO       shift, and go to state 51
    NAO         shift, and go to state 52
    LPAREN      shift, and go to state 53
    PLUS        shift, and go to state 54
    MINUS       shift, and go to state 55
    NOT         shift, and go to state 56
    IDENTIFIER  shift, and go to state 15
    STRING      shift, and go to state 57
    NUMBER      shift, and go to state 58

    lvalue          go to state 59
    expr            go to state 83
    logic_or        go to state 61
    logic_and       go to state 62
    equality        go to state 63
    relational      go to state 64
    additive        go to state 65
    multiplicative  go to state 66
    unary           go to state 67
    primary         go to state 68
    bool_literal    go to state 69
    sensor_zeroarg  go to state 70
    sensor_nome     go to state 71


State 42

   70 while_stmt: ENQUANTO LPAREN • expr RPAREN stmt

    TEMP        shift, and go to state 43
    PRESSAO     shift, and go to state 44
    AGUA        shift, and go to state 45
    GRAOS       shift, and go to state 46
    FLUXO       shift, and go to state 47
    COPO        shift, and go to state 48
    PORTA       shift, and go to state 49
    VERDADEIRO  shift, and go to state 50
    FALSO       shift, and go to state 51
    NAO         shift, and go to state 52
    LPAREN      shift, and go to state 53
    PLUS        shift, and go to state 54
    MINUS       shift, and go to state 55
    NOT         shift, and go to state 56
    IDENTIFIER  shift, and go to state 15
    STRING      shift, and go to state 57
    NUMBER      shift, and go to state 58

    lvalue          go to state 59
    expr            go to state 84
    logic_or        go to state 61
    logic_and       go to state 62
    equality        go to state 63
    relational      go to state 64
    additive        go to state 65
    multiplicative  go to state 66
    unary           go to state 67
    primary         go to state 68
    bool_literal    go to state 69
    sensor_zeroarg  go to state 70
    sensor_nome     go to state 71


State 43

  129 sensor_nome: TEMP •

    $default  reduce using rule 129 (sensor_nome)


State 44

  130 sensor_nome: PRESSAO •

    $default  reduce using rule 130 (sensor_nome)


State 45

  131 sensor_nome: AGUA •

    $default  reduce using rule 131 (sensor_nome)


State 46

  132 sensor_nome: GRAOS •

    $default  reduce using rule 132 (sensor_nome)


State 47

  133 sensor_nome: FLUXO •

    $default  reduce using rule 133 (sensor_nome)


State 48

  134 sensor_nome: COPO •

    $default  reduce using rule 134 (sensor_nome)


State 49

  135 sensor_nome: PORTA •

    $default  reduce using rule 135 (sensor_nome)


State 50

  126 bool_literal: VERDADEIRO •

    $default  reduce using rule 126 (bool_literal)


State 51

  127 bool_literal: FALSO •

    $default  reduce using rule 127 (bool_literal)


State 52

  119 unary: NAO • unary

    TEMP        shift, and go to state 43
    PRESSAO     shift, and go to state 44
    AGUA        shift, and go to state 45
    GRAOS       shift, and go to state 46
    FLUXO       shift, and go to state 47
    COPO        shift, and go to state 48
    PORTA       shift, and go to state 49
    VERDADEIRO  shift, and go to state 50
    FALSO       shift, and go to state 51
    NAO         shift, and go to state 52
    LPAREN      shift, and go to state 53
    PLUS        shift, and go to state 54
    MINUS       shift, and go to state 55
    NOT         shift, and go to state 56
    IDENTIFIER  shift, and go to state 15
    STRING      shift, and go to state 57
    NUMBER      shift, and go to state 58

    lvalue          go to state 59
    unary           go to state 85
    primary         go to state 68
    bool_literal    go to state 69
    sensor_zeroarg  go to state 70
    sensor_nome     go to state 71


State 53

  125 primary: LPAREN • expr RPAREN

    TEMP        shift, and go to state 43
    PRESSAO     shift, and go to state 44
    AGUA        shift, and go to state 45
    GRAOS       shift, and go to state 46
    FLUXO       shift, and go to state 47
    COPO        shift, and go to state 48
    PORTA       shift, and go to state 49
    VERDADEIRO  shift, and go to state 50
    FALSO       shift, and go to state 51
    NAO         shift, and go to state 52
    LPAREN      shift, and go to state 53
    PLUS        shift, and go to state 54
    MINUS       shift, and go to state 55
    NOT         shift, and go to state 56
    IDENTIFIER  shift, and go to state 15
    STRING      shift, and go to state 57
    NUMBER      shift, and go to state 58

    lvalue          go to state 59
    expr            go to state 86
    logic_or        go to state 61
    logic_and       go to state 62
    equality        go to state 63
    relational      go to state 64
    additive        go to state 65
    multiplicative  go to state 66
    unary           go to state 67
    primary         go to state 68
    bool_literal    go to state 69
    sensor_zeroarg  go to state 70
    sensor_nome     go to state 71


State 54

  116 unary: PLUS • unary

    TEMP        shift, and go to state 43
    PRESSAO     shift, and go to state 44
    AGUA        shift, and go to state 45
    GRAOS       shift, and go to state 46
    FLUXO       shift, and go to state 47
    COPO        shift, and go to state 48
    PORTA       shift, and go to state 49
    VERDADEIRO  shift, and go to state 50
    FALSO       shift, and go to state 51
    NAO         shift, and go to state 52
    LPAREN      shift, and go to state 53
    PLUS        shift, and go to state 54
    MINUS       shift, and go to state 55
    NOT         shift, and go to state 56
    IDENTIFIER  shift, and go to state 15
    STRING      shift, and go to state 57
    NUMBER      shift, and go to state 58

    lvalue          go to state 59
    unary           go to state 87
    primary         go to state 68
    bool_literal    go to state 69
    sensor_zeroarg  go to state 70
    sensor_nome     go to state 71


State 55

  117 unary: MINUS • unary

    TEMP        shift, and go to state 43
    PRESSAO     shift, and go to state 44
    AGUA        shift, and go to state 45
    GRAOS       shift, and go to state 46
    FLUXO       shift, and go to state 47
    COPO        shift, and go to state 48
    PORTA       shift, and go to state 49
    VERDADEIRO  shift, and go to state 50
    FALSO       shift, and go to state 51
    NAO         shift, and go to state 52
    LPAREN      shift, and go to state 53
    PLUS        shift, and go to state 54
    MINUS       shift, and go to state 55
    NOT         shift, and go to state 56
    IDENTIFIER  shift, and go to state 15
    STRING      shift, and go to state 57
    NUMBER      shift, and go to state 58

    lvalue          go to state 59
    unary           go to state 88
    primary         go to state 68
    bool_literal    go to state 69
    sensor_zeroarg  go to state 70
    sensor_nome     go to state 71


State 56

  118 unary: NOT • unary

    TEMP        shift, and go to state 43
    PRESSAO     shift, and go to state 44
    AGUA        shift, and go to state 45
    GRAOS       shift, and go to state 46
    FLUXO       shift, and go to state 47
    COPO        shift, and go to state 48
    PORTA       shift, and go to state 49
    VERDADEIRO  shift, and go to state 50
    FALSO       shift, and go to state 51
    NAO         shift, and go to state 52
    LPAREN      shift, and go to state 53
    PLUS        shift, and go to state 54
    MINUS       shift, and go to state 55
    NOT         shift, and go to state 56
    IDENTIFIER  shift, and go to state 15
    STRING      shift, and go to state 57
    NUMBER      shift, and go to state 58

    lvalue          go to state 59
    unary           go to state 89
    primary         go to state 68
    bool_literal    go to state 69
    sensor_zeroarg  go to state 70
    sensor_nome     go to state 71


State 57

  122 primary: STRING •

    $default  reduce using rule 122 (primary)


State 58

  120 primary: NUMBER •

    $default  reduce using rule 120 (primary)


State 59

  124 primary: lvalue •

    $default  reduce using rule 124 (primary)


State 60

   71 repeat_stmt: REPETIR expr • VEZES bloco

    VEZES  shift, and go to state 90


State 61

   93 expr: logic_or •
   95 logic_or: logic_or • OU logic_and
   96         | logic_or • OR_OP logic_and

    OU     shift, and go to state 91
    OR_OP  shift, and go to state 92

    $default  reduce using rule 93 (expr)


State 62

   94 logic_or: logic_and •
   98 logic_and: logic_and • E equality
   99          | logic_and • AND_OP equality

    E       shift, and go to state 93
    AND_OP  shift, and go to state 94

    $default  reduce using rule 94 (logic_or)


State 63

   97 logic_and: equality •
  101 equality: equality • EQ_OP relational
  102         | equality • NE_OP relational

    EQ_OP  shift, and go to state 95
    NE_OP  shift, and go to state 96

    $default  reduce using rule 97 (logic_and)


State 64

  100 equality: relational •
  104 relational: relational • LT_OP additive
  105           | relational • LE_OP additive
  106           | relational • GT_OP additive
  107           | relational • GE_OP additive

    LE_OP  shift, and go to state 97
    GE_OP  shift, and go to state 98
    LT_OP  shift, and go to state 99
    GT_OP  shift, and go to state 100

    $default  reduce using rule 100 (equality)


State 65

  103 relational: additive •
  109 additive: additive • PLUS multiplicative
  110         | additive • MINUS multiplicative

    PLUS   shift, and go to state 101
    MINUS  shift, and go to state 102

    $default  reduce using rule 103 (relational)


State 66

  108 additive: multiplicative •
  112 multiplicative: multiplicative • MULT unary
  113               | multiplicative • DIV unary
  114               | multiplicative • MOD unary

    MULT  shift, and go to state 103
    DIV   shift, and go to state 104
    MOD   shift, and go to state 105

    $default  reduce using rule 108 (additive)


State 67

  111 multiplicative: unary •

    $default  reduce using rule 111 (multiplicative)


State 68

  115 unary: primary •

    $default  reduce using rule 115 (unary)


State 69

  121 primary: bool_literal •

    $default  reduce using rule 121 (primary)


State 70

  123 primary: sensor_zeroarg •

    $default  reduce using rule 123 (primary)


State 71

  128 sensor_zeroarg: sensor_nome • LPAREN RPAREN

    LPAREN  shift, and go to state 106


State 72

   72 for_range_stmt: PARA IDENTIFIER • EM expr RANGE expr bloco

    EM  shift, and go to state 107


State 73

   57 stmt: SAIR SEMICOLON •

    $default  reduce using rule 57 (stmt)


State 74

   58 stmt: PULAR SEMICOLON •

    $default  reduce using rule 58 (stmt)


State 75

   60 bloco: LBRACE bloco_items • RBRACE
   62 bloco_items: bloco_items • bloco_item

    DEF             shift, and go to state 6
    CONST           shift, and go to state 7
    SE              shift, and go to state 8
    ENQUANTO        shift, and go to state 9
    REPETIR         shift, and go to state 10
    PARA            shift, and go to state 11
    SAIR            shift, and go to state 12
    PULAR           shift, and go to state 13
    MOER            shift, and go to state 108
    AQUECER         shift, and go to state 109
    BOMBEAR         shift, and go to state 110
    SERVIR          shift, and go to state 111
    VAPORIZAR       shift, and go to state 112
    PAUSAR          shift, and go to state 113
    TOCAR           shift, and go to state 114
    LIMPAR          shift, and go to state 115
    ENXAGUAR        shift, and go to state 116
    DESPRESSURIZAR  shift, and go to state 117
    LBRACE          shift, and go to state 14
    RBRACE          shift, and go to state 118
    IDENTIFIER      shift, and go to state 15

    decl            go to state 119
    var_decl        go to state 21
    const_decl      go to state 22
    stmt            go to state 120
    bloco           go to state 24
    bloco_item      go to state 121
    assign          go to state 25
    lvalue          go to state 26
    if_stmt         go to state 27
    while_stmt      go to state 28
    repeat_stmt     go to state 29
    for_range_stmt  go to state 30
    ato             go to state 122
    acao            go to state 123


State 76

   52 stmt: assign SEMICOLON •

    $default  reduce using rule 52 (stmt)


State 77

   66 assign: lvalue ASSIGN_OP • expr

    TEMP        shift, and go to state 43
    PRESSAO     shift, and go to state 44
    AGUA        shift, and go to state 45
    GRAOS       shift, and go to state 46
    FLUXO       shift, and go to state 47
    COPO        shift, and go to state 48
    PORTA       shift, and go to state 49
    VERDADEIRO  shift, and go to state 50
    FALSO       shift, and go to state 51
    NAO         shift, and go to state 52
    LPAREN      shift, and go to state 53
    PLUS        shift, and go to state 54
    MINUS       shift, and go to state 55
    NOT         shift, and go to state 56
    IDENTIFIER  shift, and go to state 15
    STRING      shift, and go to state 57
    NUMBER      shift, and go to state 58

    lvalue          go to state 59
    expr            go to state 124
    logic_or        go to state 61
    logic_and       go to state 62
    equality        go to state 63
    relational      go to state 64
    additive        go to state 65
    multiplicative  go to state 66
    unary           go to state 67
    primary         go to state 68
    bool_literal    go to state 69
    sensor_zeroarg  go to state 70
    sensor_nome     go to state 71


State 78

    9 bloco_receita: LBRACE • bloco_receita_items RBRACE

    $default  reduce using rule 10 (bloco_receita_items)

    bloco_receita_items  go to state 125


State 79

    8 receita: RECEITA STRING bloco_receita •

    $default  reduce using rule 8 (receita)


State 80

   16 reacao: QUANDO evento_tipo ARROW • ato SEMICOLON

    MOER            shift, and go to state 108
    AQUECER         shift, and go to state 109
    BOMBEAR         shift, and go to state 110
    SERVIR          shift, and go to state 111
    VAPORIZAR       shift, and go to state 112
    PAUSAR          shift, and go to state 113
    TOCAR           shift, and go to state 114
    LIMPAR          shift, and go to state 115
    ENXAGUAR        shift, and go to state 116
    DESPRESSURIZAR  shift, and go to state 117

    ato   go to state 126
    acao  go to state 123


State 81

   41 var_decl: DEF IDENTIFIER COLON • tipo SEMICOLON
   42         | DEF IDENTIFIER COLON • tipo ASSIGN_OP expr SEMICOLON

    NUM_TYPE      shift, and go to state 127
    BOOL_TYPE     shift, and go to state 128
    TEXTO_TYPE    shift, and go to state 129
    ML_TYPE       shift, and go to state 130
    G_TYPE        shift, and go to state 131
    S_TYPE        shift, and go to state 132
    MS_TYPE       shift, and go to state 133
    CELSIUS_TYPE  shift, and go to state 134

    tipo  go to state 135


State 82

   43 const_decl: CONST IDENTIFIER COLON • tipo ASSIGN_OP expr SEMICOLON

    NUM_TYPE      shift, and go to state 127
    BOOL_TYPE     shift, and go to state 128
    TEXTO_TYPE    shift, and go to state 129
    ML_TYPE       shift, and go to state 130
    G_TYPE        shift, and go to state 131
    S_TYPE        shift, and go to state 132
    MS_TYPE       shift, and go to state 133
    CELSIUS_TYPE  shift, and go to state 134

    tipo  go to state 136


State 83

   68 if_stmt: SE LPAREN expr • RPAREN stmt
   69        | SE LPAREN expr • RPAREN stmt SENAO stmt

    RPAREN  shift, and go to state 137


State 84

   70 while_stmt: ENQUANTO LPAREN expr • RPAREN stmt

    RPAREN  shift, and go to state 138


State 85

  119 unary: NAO unary •

    $default  reduce using rule 119 (unary)


State 86

  125 primary: LPAREN expr • RPAREN

    RPAREN  shift, and go to state 139


State 87

  116 unary: PLUS unary •

    $default  reduce using rule 116 (unary)


State 88

  117 unary: MINUS unary •

    $default  reduce using rule 117 (unary)


State 89

  118 unary: NOT unary •

    $default  reduce using rule 118 (unary)


State 90

   71 repeat_stmt: REPETIR expr VEZES • bloco

    LBRACE  shift, and go to state 14

    bloco  go to state 140


State 91

   95 logic_or: logic_or OU • logic_and

    TEMP        shift, and go to state 43
    PRESSAO     shift, and go to state 44
    AGUA        shift, and go to state 45
    GRAOS       shift, and go to state 46
    FLUXO       shift, and go to state 47
    COPO        shift, and go to state 48
    PORTA       shift, and go to state 49
    VERDADEIRO  shift, and go to state 50
    FALSO       shift, and go to state 51
    NAO         shift, and go to state 52
    LPAREN      shift, and go to state 53
    PLUS        shift, and go to state 54
    MINUS       shift, and go to state 55
    NOT         shift, and go to state 56
    IDENTIFIER  shift, and go to state 15
    STRING      shift, and go to state 57
    NUMBER      shift, and go to state 58

    lvalue          go to state 59
    logic_and       go to state 141
    equality        go to state 63
    relational      go to state 64
    additive        go to state 65
    multiplicative  go to state 66
    unary           go to state 67
    primary         go to state 68
    bool_literal    go to state 69
    sensor_zeroarg  go to state 70
    sensor_nome     go to state 71


State 92

   96 logic_or: logic_or OR_OP • logic_and

    TEMP        shift, and go to state 43
    PRESSAO     shift, and go to state 44
    AGUA        shift, and go to state 45
    GRAOS       shift, and go to state 46
    FLUXO       shift, and go to state 47
    COPO        shift, and go to state 48
    PORTA       shift, and go to state 49
    VERDADEIRO  shift, and go to state 50
    FALSO       shift, and go to state 51
    NAO         shift, and go to state 52
    LPAREN      shift, and go to state 53
    PLUS        shift, and go to state 54
    MINUS       shift, and go to state 55
    NOT         shift, and go to state 56
    IDENTIFIER  shift, and go to state 15
    STRING      shift, and go to state 57
    NUMBER      shift, and go to state 58

    lvalue          go to state 59
    logic_and       go to state 142
    equality        go to state 63
    relational      go to state 64
    additive        go to state 65
    multiplicative  go to state 66
    unary           go to state 67
    primary         go to state 68
    bool_literal    go to state 69
    sensor_zeroarg  go to state 70
    sensor_nome     go to state 71


State 93

   98 logic_and: logic_and E • equality

    TEMP        shift, and go to state 43
    PRESSAO     shift, and go to state 44
    AGUA        shift, and go to state 45
    GRAOS       shift, and go to state 46
    FLUXO       shift, and go to state 47
    COPO        shift, and go to state 48
    PORTA       shift, and go to state 49
    VERDADEIRO  shift, and go to state 50
    FALSO       shift, and go to state 51
    NAO         shift, and go to state 52
    LPAREN      shift, and go to state 53
    PLUS        shift, and go to state 54
    MINUS       shift, and go to state 55
    NOT         shift, and go to state 56
    IDENTIFIER  shift, and go to state 15
    STRING      shift, and go to state 57
    NUMBER      shift, and go to state 58

    lvalue          go to state 59
    equality        go to state 143
    relational      go to state 64
    additive        go to state 65
    multiplicative  go to state 66
    unary           go to state 67
    primary         go to state 68
    bool_literal    go to state 69
    sensor_zeroarg  go to state 70
    sensor_nome     go to state 71


State 94

   99 logic_and: logic_and AND_OP • equality

    TEMP        shift, and go to state 43
    PRESSAO     shift, and go to state 44
    AGUA        shift, and go to state 45
    GRAOS       shift, and go to state 46
    FLUXO       shift, and go to state 47
    COPO        shift, and go to state 48
    PORTA       shift, and go to state 49
    VERDADEIRO  shift, and go to state 50
    FALSO       shift, and go to state 51
    NAO         shift, and go to state 52
    LPAREN      shift, and go to state 53
    PLUS        shift, and go to state 54
    MINUS       shift, and go to state 55
    NOT         shift, and go to state 56
    IDENTIFIER  shift, and go to state 15
    STRING      shift, and go to state 57
    NUMBER      shift, and go to state 58

    lvalue          go to state 59
    equality        go to state 144
    relational      go to state 64
    additive        go to state 65
    multiplicative  go to state 66
    unary           go to state 67
    primary         go to state 68
    bool_literal    go to state 69
    sensor_zeroarg  go to state 70
    sensor_nome     go to state 71


State 95

  101 equality: equality EQ_OP • relational

    TEMP        shift, and go to state 43
    PRESSAO     shift, and go to state 44
    AGUA        shift, and go to state 45
    GRAOS       shift, and go to state 46
    FLUXO       shift, and go to state 47
    COPO        shift, and go to state 48
    PORTA       shift, and go to state 49
    VERDADEIRO  shift, and go to state 50
    FALSO       shift, and go to state 51
    NAO         shift, and go to state 52
    LPAREN      shift, and go to state 53
    PLUS        shift, and go to state 54
    MINUS       shift, and go to state 55
    NOT         shift, and go to state 56
    IDENTIFIER  shift, and go to state 15
    STRING      shift, and go to state 57
    NUMBER      shift, and go to state 58

    lvalue          go to state 59
    relational      go to state 145
    additive        go to state 65
    multiplicative  go to state 66
    unary           go to state 67
    primary         go to state 68
    bool_literal    go to state 69
    sensor_zeroarg  go to state 70
    sensor_nome     go to state 71


State 96

  102 equality: equality NE_OP • relational

    TEMP        shift, and go to state 43
    PRESSAO     shift, and go to state 44
    AGUA        shift, and go to state 45
    GRAOS       shift, and go to state 46
    FLUXO       shift, and go to state 47
    COPO        shift, and go to state 48
    PORTA       shift, and go to state 49
    VERDADEIRO  shift, and go to state 50
    FALSO       shift, and go to state 51
    NAO         shift, and go to state 52
    LPAREN      shift, and go to state 53
    PLUS        shift, and go to state 54
    MINUS       shift, and go to state 55
    NOT         shift, and go to state 56
    IDENTIFIER  shift, and go to state 15
    STRING      shift, and go to state 57
    NUMBER      shift, and go to state 58

    lvalue          go to state 59
    relational      go to state 146
    additive        go to state 65
    multiplicative  go to state 66
    unary           go to state 67
    primary         go to state 68
    bool_literal    go to state 69
    sensor_zeroarg  go to state 70
    sensor_nome     go to state 71


State 97

  105 relational: relational LE_OP • additive

    TEMP        shift, and go to state 43
    PRESSAO     shift, and go to state 44
    AGUA        shift, and go to state 45
    GRAOS       shift, and go to state 46
    FLUXO       shift, and go to state 47
    COPO        shift, and go to state 48
    PORTA       shift, and go to state 49
    VERDADEIRO  shift, and go to state 50
    FALSO       shift, and go to state 51
    NAO         shift, and go to state 52
    LPAREN      shift, and go to state 53
    PLUS        shift, and go to state 54
    MINUS       shift, and go to state 55
    NOT         shift, and go to state 56
    IDENTIFIER  shift, and go to state 15
    STRING      shift, and go to state 57
    NUMBER      shift, and go to state 58

    lvalue          go to state 59
    additive        go to state 147
    multiplicative  go to state 66
    unary           go to state 67
    primary         go to state 68
    bool_literal    go to state 69
    sensor_zeroarg  go to state 70
    sensor_nome     go to state 71


State 98

  107 relational: relational GE_OP • additive

    TEMP        shift, and go to state 43
    PRESSAO     shift, and go to state 44
    AGUA        shift, and go to state 45
    GRAOS       shift, and go to state 46
    FLUXO       shift, and go to state 47
    COPO        shift, and go to state 48
    PORTA       shift, and go to state 49
    VERDADEIRO  shift, and go to state 50
    FALSO       shift, and go to state 51
    NAO         shift, and go to state 52
    LPAREN      shift, and go to state 53
    PLUS        shift, and go to state 54
    MINUS       shift, and go to state 55
    NOT         shift, and go to state 56
    IDENTIFIER  shift, and go to state 15
    STRING      shift, and go to state 57
    NUMBER      shift, and go to state 58

    lvalue          go to state 59
    additive        go to state 148
    multiplicative  go to state 66
    unary           go to state 67
    primary         go to state 68
    bool_literal    go to state 69
    sensor_zeroarg  go to state 70
    sensor_nome     go to state 71


State 99

  104 relational: relational LT_OP • additive

    TEMP        shift, and go to state 43
    PRESSAO     shift, and go to state 44
    AGUA        shift, and go to state 45
    GRAOS       shift, and go to state 46
    FLUXO       shift, and go to state 47
    COPO        shift, and go to state 48
    PORTA       shift, and go to state 49
    VERDADEIRO  shift, and go to state 50
    FALSO       shift, and go to state 51
    NAO         shift, and go to state 52
    LPAREN      shift, and go to state 53
    PLUS        shift, and go to state 54
    MINUS       shift, and go to state 55
    NOT         shift, and go to state 56
    IDENTIFIER  shift, and go to state 15
    STRING      shift, and go to state 57
    NUMBER      shift, and go to state 58

    lvalue          go to state 59
    additive        go to state 149
    multiplicative  go to state 66
    unary           go to state 67
    primary         go to state 68
    bool_literal    go to state 69
    sensor_zeroarg  go to state 70
    sensor_nome     go to state 71


State 100

  106 relational: relational GT_OP • additive

    TEMP        shift, and go to state 43
    PRESSAO     shift, and go to state 44
    AGUA        shift, and go to state 45
    GRAOS       shift, and go to state 46
    FLUXO       shift, and go to state 47
    COPO        shift, and go to state 48
    PORTA       shift, and go to state 49
    VERDADEIRO  shift, and go to state 50
    FALSO       shift, and go to state 51
    NAO         shift, and go to state 52
    LPAREN      shift, and go to state 53
    PLUS        shift, and go to state 54
    MINUS       shift, and go to state 55
    NOT         shift, and go to state 56
    IDENTIFIER  shift, and go to state 15
    STRING      shift, and go to state 57
    NUMBER      shift, and go to state 58

    lvalue          go to state 59
    additive        go to state 150
    multiplicative  go to state 66
    unary           go to state 67
    primary         go to state 68
    bool_literal    go to state 69
    sensor_zeroarg  go to state 70
    sensor_nome     go to state 71


State 101

  109 additive: additive PLUS • multiplicative

    TEMP        shift, and go to state 43
    PRESSAO     shift, and go to state 44
    AGUA        shift, and go to state 45
    GRAOS       shift, and go to state 46
    FLUXO       shift, and go to state 47
    COPO        shift, and go to state 48
    PORTA       shift, and go to state 49
    VERDADEIRO  shift, and go to state 50
    FALSO       shift, and go to state 51
    NAO         shift, and go to state 52
    LPAREN      shift, and go to state 53
    PLUS        shift, and go to state 54
    MINUS       shift, and go to state 55
    NOT         shift, and go to state 56
    IDENTIFIER  shift, and go to state 15
    STRING      shift, and go to state 57
    NUMBER      shift, and go to state 58

    lvalue          go to state 59
    multiplicative  go to state 151
    unary           go to state 67
    primary         go to state 68
    bool_literal    go to state 69
    sensor_zeroarg  go to state 70
    sensor_nome     go to state 71


State 102

  110 additive: additive MINUS • multiplicative

    TEMP        shift, and go to state 43
    PRESSAO     shift, and go to state 44
    AGUA        shift, and go to state 45
    GRAOS       shift, and go to state 46
    FLUXO       shift, and go to state 47
    COPO        shift, and go to state 48
    PORTA       shift, and go to state 49
    VERDADEIRO  shift, and go to state 50
    FALSO       shift, and go to state 51
    NAO         shift, and go to state 52
    LPAREN      shift, and go to state 53
    PLUS        shift, and go to state 54
    MINUS       shift, and go to state 55
    NOT         shift, and go to state 56
    IDENTIFIER  shift, and go to state 15
    STRING      shift, and go to state 57
    NUMBER      shift, and go to state 58

    lvalue          go to state 59
    multiplicative  go to state 152
    unary           go to state 67
    primary         go to state 68
    bool_literal    go to state 69
    sensor_zeroarg  go to state 70
    sensor_nome     go to state 71


State 103

  112 multiplicative: multiplicative MULT • unary

    TEMP        shift, and go to state 43
    PRESSAO     shift, and go to state 44
    AGUA        shift, and go to state 45
    GRAOS       shift, and go to state 46
    FLUXO       shift, and go to state 47
    COPO        shift, and go to state 48
    PORTA       shift, and go to state 49
    VERDADEIRO  shift, and go to state 50
    FALSO       shift, and go to state 51
    NAO         shift, and go to state 52
    LPAREN      shift, and go to state 53
    PLUS        shift, and go to state 54
    MINUS       shift, and go to state 55
    NOT         shift, and go to state 56
    IDENTIFIER  shift, and go to state 15
    STRING      shift, and go to state 57
    NUMBER      shift, and go to state 58

    lvalue          go to state 59
    unary           go to state 153
    primary         go to state 68
    bool_literal    go to state 69
    sensor_zeroarg  go to state 70
    sensor_nome     go to state 71


State 104

  113 multiplicative: multiplicative DIV • unary

    TEMP        shift, and go to state 43
    PRESSAO     shift, and go to state 44
    AGUA        shift, and go to state 45
    GRAOS       shift, and go to state 46
    FLUXO       shift, and go to state 47
    COPO        shift, and go to state 48
    PORTA       shift, and go to state 49
    VERDADEIRO  shift, and go to state 50
    FALSO       shift, and go to state 51
    NAO         shift, and go to state 52
    LPAREN      shift, and go to state 53
    PLUS        shift, and go to state 54
    MINUS       shift, and go to state 55
    NOT         shift, and go to state 56
    IDENTIFIER  shift, and go to state 15
    STRING      shift, and go to state 57
    NUMBER      shift, and go to state 58

    lvalue          go to state 59
    unary           go to state 154
    primary         go to state 68
    bool_literal    go to state 69
    sensor_zeroarg  go to state 70
    sensor_nome     go to state 71


State 105

  114 multiplicative: multiplicative MOD • unary

    TEMP        shift, and go to state 43
    PRESSAO     shift, and go to state 44
    AGUA        shift, and go to state 45
    GRAOS       shift, and go to state 46
    FLUXO       shift, and go to state 47
    COPO        shift, and go to state 48
    PORTA       shift, and go to state 49
    VERDADEIRO  shift, and go to state 50
    FALSO       shift, and go to state 51
    NAO         shift, and go to state 52
    LPAREN      shift, and go to state 53
    PLUS        shift, and go to state 54
    MINUS       shift, and go to state 55
    NOT         shift, and go to state 56
    IDENTIFIER  shift, and go to state 15
    STRING      shift, and go to state 57
    NUMBER      shift, and go to state 58

    lvalue          go to state 59
    unary           go to state 155
    primary         go to state 68
    bool_literal    go to state 69
    sensor_zeroarg  go to state 70
    sensor_nome     go to state 71


State 106

  128 sensor_zeroarg: sensor_nome LPAREN • RPAREN

    RPAREN  shift, and go to state 156


State 107

   72 for_range_stmt: PARA IDENTIFIER EM • expr RANGE expr bloco

    TEMP        shift, and go to state 43
    PRESSAO     shift, and go to state 44
    AGUA        shift, and go to state 45
    GRAOS       shift, and go to state 46
    FLUXO       shift, and go to state 47
    COPO        shift, and go to state 48
    PORTA       shift, and go to state 49
    VERDADEIRO  shift, and go to state 50
    FALSO       shift, and go to state 51
    NAO         shift, and go to state 52
    LPAREN      shift, and go to state 53
    PLUS        shift, and go to state 54
    MINUS       shift, and go to state 55
    NOT         shift, and go to state 56
    IDENTIFIER  shift, and go to state 15
    STRING      shift, and go to state 57
    NUMBER      shift, and go to state 58

    lvalue          go to state 59
    expr            go to state 157
    logic_or        go to state 61
    logic_and       go to state 62
    equality        go to state 63
    relational      go to state 64
    additive        go to state 65
    multiplicative  go to state 66
    unary           go to state 67
    primary         go to state 68
    bool_literal    go to state 69
    sensor_zeroarg  go to state 70
    sensor_nome     go to state 71


State 108

   75 acao: MOER •

    $default  reduce using rule 75 (acao)


State 109

   76 acao: AQUECER •

    $default  reduce using rule 76 (acao)


State 110

   77 acao: BOMBEAR •

    $default  reduce using rule 77 (acao)


State 111

   78 acao: SERVIR •

    $default  reduce using rule 78 (acao)


State 112

   79 acao: VAPORIZAR •

    $default  reduce using rule 79 (acao)


State 113

   80 acao: PAUSAR •

    $default  reduce using rule 80 (acao)


State 114

   81 acao: TOCAR •

    $default  reduce using rule 81 (acao)


State 115

   82 acao: LIMPAR •

    $default  reduce using rule 82 (acao)


State 116

   83 acao: ENXAGUAR •

    $default  reduce using rule 83 (acao)


State 117

   84 acao: DESPRESSURIZAR •

    $default  reduce using rule 84 (acao)


State 118

   60 bloco: LBRACE bloco_items RBRACE •

    $default  reduce using rule 60 (bloco)


State 119

   63 bloco_item: decl •

    $default  reduce using rule 63 (bloco_item)


State 120

   64 bloco_item: stmt •

    $default  reduce using rule 64 (bloco_item)


State 121

   62 bloco_items: bloco_items bloco_item •

    $default  reduce using rule 62 (bloco_items)


State 122

   65 bloco_item: ato • SEMICOLON

    SEMICOLON  shift, and go to state 158


State 123

   73 ato: acao •
   74    | acao • argumentos

    TEMP        shift, and go to state 43
    PRESSAO     shift, and go to state 44
    AGUA        shift, and go to state 45
    GRAOS       shift, and go to state 46
    FLUXO       shift, and go to state 47
    COPO        shift, and go to state 48
    PORTA       shift, and go to state 49
    VERDADEIRO  shift, and go to state 50
    FALSO       shift, and go to state 51
    NAO         shift, and go to state 52
    LPAREN      shift, and go to state 53
    PLUS        shift, and go to state 54
    MINUS       shift, and go to state 55
    NOT         shift, and go to state 56
    IDENTIFIER  shift, and go to state 15
    STRING      shift, and go to state 159
    NUMBER      shift, and go to state 160

    $default  reduce using rule 73 (ato)

    lvalue          go to state 59
    argumentos      go to state 161
    arg             go to state 162
    expr            go to state 163
    logic_or        go to state 61
    logic_and       go to state 62
    equality        go to state 63
    relational      go to state 64
    additive        go to state 65
    multiplicative  go to state 66
    unary           go to state 67
    primary         go to state 68
    bool_literal    go to state 69
    sensor_zeroarg  go to state 70
    sensor_nome     go to state 71
    medida_vol      go to state 164
    medida_peso     go to state 165
    medida_tempo    go to state 166
    medida_temp     go to state 167


State 124

   66 assign: lvalue ASSIGN_OP expr •

    $default  reduce using rule 66 (assign)


State 125

    9 bloco_receita: LBRACE bloco_receita_items • RBRACE
   11 bloco_receita_items: bloco_receita_items • bloco_receita_item

    PERFIL          shift, and go to state 168
    TEMPERATURA     shift, and go to state 169
    EXTRAIR         shift, and go to state 170
    PRESSAO_ALVO    shift, and go to state 171
    DEF             shift, and go to state 6
    CONST           shift, and go to state 7
    SE              shift, and go to state 8
    ENQUANTO        shift, and go to state 9
    REPETIR         shift, and go to state 10
    PARA            shift, and go to state 11
    SAIR            shift, and go to state 12
    PULAR           shift, and go to state 13
    MOER            shift, and go to state 108
    AQUECER         shift, and go to state 109
    BOMBEAR         shift, and go to state 110
    SERVIR          shift, and go to state 111
    VAPORIZAR       shift, and go to state 112
    PAUSAR          shift, and go to state 113
    TOCAR           shift, and go to state 114
    LIMPAR          shift, and go to state 115
    ENXAGUAR        shift, and go to state 116
    DESPRESSURIZAR  shift, and go to state 117
    LBRACE          shift, and go to state 14
    RBRACE          shift, and go to state 172
    IDENTIFIER      shift, and go to state 15

    bloco_receita_item  go to state 173
    decl_senso          go to state 174
    decl_local          go to state 175
    decl                go to state 176
    var_decl            go to state 21
    const_decl          go to state 22
    stmt                go to state 177
    bloco               go to state 24
    assign              go to state 25
    lvalue              go to state 26
    if_stmt             go to state 27
    while_stmt          go to state 28
    repeat_stmt         go to state 29
    for_range_stmt      go to state 30
    ato                 go to state 178
    acao                go to state 123


State 126

   16 reacao: QUANDO evento_tipo ARROW ato • SEMICOLON

    SEMICOLON  shift, and go to state 179


State 127

   44 tipo: NUM_TYPE •

    $default  reduce using rule 44 (tipo)


State 128

   45 tipo: BOOL_TYPE •

    $default  reduce using rule 45 (tipo)


State 129

   46 tipo: TEXTO_TYPE •

    $default  reduce using rule 46 (tipo)


State 130

   47 tipo: ML_TYPE •

    $default  reduce using rule 47 (tipo)


State 131

   48 tipo: G_TYPE •

    $default  reduce using rule 48 (tipo)


State 132

   49 tipo: S_TYPE •

    $default  reduce using rule 49 (tipo)


State 133

   50 tipo: MS_TYPE •

    $default  reduce using rule 50 (tipo)


State 134

   51 tipo: CELSIUS_TYPE •

    $default  reduce using rule 51 (tipo)


State 135

   41 var_decl: DEF IDENTIFIER COLON tipo • SEMICOLON
   42         | DEF IDENTIFIER COLON tipo • ASSIGN_OP expr SEMICOLON

    ASSIGN_OP  shift, and go to state 180
    SEMICOLON  shift, and go to state 181


State 136

   43 const_decl: CONST IDENTIFIER COLON tipo • ASSIGN_OP expr SEMICOLON

    ASSIGN_OP  shift, and go to state 182


State 137

   68 if_stmt: SE LPAREN expr RPAREN • stmt
   69        | SE LPAREN expr RPAREN • stmt SENAO stmt

    SE          shift, and go to state 8
    ENQUANTO    shift, and go to state 9
    REPETIR     shift, and go to state 10
    PARA        shift, and go to state 11
    SAIR        shift, and go to state 12
    PULAR       shift, and go to state 13
    LBRACE      shift, and go to state 14
    IDENTIFIER  shift, and go to state 15

    stmt            go to state 183
    bloco           go to state 24
    assign          go to state 25
    lvalue          go to state 26
    if_stmt         go to state 27
    while_stmt      go to state 28
    repeat_stmt     go to state 29
    for_range_stmt  go to state 30


State 138

   70 while_stmt: ENQUANTO LPAREN expr RPAREN • stmt

    SE          shift, and go to state 8
    ENQUANTO    shift, and go to state 9
    REPETIR     shift, and go to state 10
    PARA        shift, and go to state 11
    SAIR        shift, and go to state 12
    PULAR       shift, and go to state 13
    LBRACE      shift, and go to state 14
    IDENTIFIER  shift, and go to state 15

    stmt            go to state 184
    bloco           go to state 24
    assign          go to state 25
    lvalue          go to state 26
    if_stmt         go to state 27
    while_stmt      go to state 28
    repeat_stmt     go to state 29
    for_range_stmt  go to state 30


State 139

  125 primary: LPAREN expr RPAREN •

    $default  reduce using rule 125 (primary)


State 140

   71 repeat_stmt: REPETIR expr VEZES bloco •

    $default  reduce using rule 71 (repeat_stmt)


State 141

   95 logic_or: logic_or OU logic_and •
   98 logic_and: logic_and • E equality
   99          | logic_and • AND_OP equality

    E       shift, and go to state 93
    AND_OP  shift, and go to state 94

    $default  reduce using rule 95 (logic_or)


State 142

   96 logic_or: logic_or OR_OP logic_and •
   98 logic_and: logic_and • E equality
   99          | logic_and • AND_OP equality

    E       shift, and go to state 93
    AND_OP  shift, and go to state 94

    $default  reduce using rule 96 (logic_or)


State 143

   98 logic_and: logic_and E equality •
  101 equality: equality • EQ_OP relational
  102         | equality • NE_OP relational

    EQ_OP  shift, and go to state 95
    NE_OP  shift, and go to state 96

    $default  reduce using rule 98 (logic_and)


State 144

   99 logic_and: logic_and AND_OP equality •
  101 equality: equality • EQ_OP relational
  102         | equality • NE_OP relational

    EQ_OP  shift, and go to state 95
    NE_OP  shift, and go to state 96

    $default  reduce using rule 99 (logic_and)


State 145

  101 equality: equality EQ_OP relational •
  104 relational: relational • LT_OP additive
  105           | relational • LE_OP additive
  106           | relational • GT_OP additive
  107           | relational • GE_OP additive

    LE_OP  shift, and go to state 97
    GE_OP  shift, and go to state 98
    LT_OP  shift, and go to state 99
    GT_OP  shift, and go to state 100

    $default  reduce using rule 101 (equality)


State 146

  102 equality: equality NE_OP relational •
  104 relational: relational • LT_OP additive
  105           | relational • LE_OP additive
  106           | relational • GT_OP additive
  107           | relational • GE_OP additive

    LE_OP  shift, and go to state 97
    GE_OP  shift, and go to state 98
    LT_OP  shift, and go to state 99
    GT_OP  shift, and go to state 100

    $default  reduce using rule 102 (equality)


State 147

  105 relational: relational LE_OP additive •
  109 additive: additive • PLUS multiplicative
  110         | additive • MINUS multiplicative

    PLUS   shift, and go to state 101
    MINUS  shift, and go to state 102

    $default  reduce using rule 105 (relational)


State 148

  107 relational: relational GE_OP additive •
  109 additive: additive • PLUS multiplicative
  110         | additive • MINUS multiplicative

    PLUS   shift, and go to state 101
    MINUS  shift, and go to state 102

    $default  reduce using rule 107 (relational)


State 149

  104 relational: relational LT_OP additive •
  109 additive: additive • PLUS multiplicative
  110         | additive • MINUS multiplicative

    PLUS   shift, and go to state 101
    MINUS  shift, and go to state 102

    $default  reduce using rule 104 (relational)


State 150

  106 relational: relational GT_OP additive •
  109 additive: additive • PLUS multiplicative
  110         | additive • MINUS multiplicative

    PLUS   shift, and go to state 101
    MINUS  shift, and go to state 102

    $default  reduce using rule 106 (relational)


State 151

  109 additive: additive PLUS multiplicative •
  112 multiplicative: multiplicative • MULT unary
  113               | multiplicative • DIV unary
  114               | multiplicative • MOD unary

    MULT  shift, and go to state 103
    DIV   shift, and go to state 104
    MOD   shift, and go to state 105

    $default  reduce using rule 109 (additive)


State 152

  110 additive: additive MINUS multiplicative •
  112 multiplicative: multiplicative • MULT unary
  113               | multiplicative • DIV unary
  114               | multiplicative • MOD unary

    MULT  shift, and go to state 103
    DIV   shift, and go to state 104
    MOD   shift, and go to state 105

    $default  reduce using rule 110 (additive)


State 153

  112 multiplicative: multiplicative MULT unary •

    $default  reduce using rule 112 (multiplicative)


State 154

  113 multiplicative: multiplicative DIV unary •

    $default  reduce using rule 113 (multiplicative)


State 155

  114 multiplicative: multiplicative MOD unary •

    $default  reduce using rule 114 (multiplicative)


State 156

  128 sensor_zeroarg: sensor_nome LPAREN RPAREN •

    $default  reduce using rule 128 (sensor_zeroarg)


State 157

   72 for_range_stmt: PARA IDENTIFIER EM expr • RANGE expr bloco

    RANGE  shift, and go to state 185


State 158

   65 bloco_item: ato SEMICOLON •

    $default  reduce using rule 65 (bloco_item)


State 159

   92 arg: STRING •
  122 primary: STRING •

    SEMICOLON  reduce using rule 92 (arg)
    SEMICOLON  [reduce using rule 122 (primary)]
    COMMA      reduce using rule 92 (arg)
    COMMA      [reduce using rule 122 (primary)]
    $default   reduce using rule 122 (primary)


State 160

  120 primary: NUMBER •
  136 medida_vol: NUMBER • ML_TYPE
  137 medida_peso: NUMBER • G_TYPE
  138 medida_tempo: NUMBER • S_TYPE
  139             | NUMBER • MS_TYPE
  140 medida_temp: NUMBER • CELSIUS_UNIT
  141            | NUMBER • C_UNIT

    ML_TYPE       shift, and go to state 186
    G_TYPE        shift, and go to state 187
    S_TYPE        shift, and go to state 188
    MS_TYPE       shift, and go to state 189
    CELSIUS_UNIT  shift, and go to state 190
    C_UNIT        shift, and go to state 191

    $default  reduce using rule 120 (primary)


State 161

   74 ato: acao argumentos •
   86 argumentos: argumentos • COMMA arg

    COMMA  shift, and go to state 192

    $default  reduce using rule 74 (ato)


State 162

   85 argumentos: arg •

    $default  reduce using rule 85 (argumentos)


State 163

   87 arg: expr •

    $default  reduce using rule 87 (arg)


State 164

   88 arg: medida_vol •

    $default  reduce using rule 88 (arg)


State 165

   89 arg: medida_peso •

    $default  reduce using rule 89 (arg)


State 166

   91 arg: medida_tempo •

    $default  reduce using rule 91 (arg)


State 167

   90 arg: medida_temp •

    $default  reduce using rule 90 (arg)


State 168

   23 decl_senso: PERFIL • LBRACE perf_items RBRACE SEMICOLON

    LBRACE  shift, and go to state 193


State 169

   24 decl_senso: TEMPERATURA • medida_temp SEMICOLON

    NUMBER  shift, and go to state 194

    medida_temp  go to state 195


State 170

   25 decl_senso: EXTRAIR • medida_vol EM medida_tempo SEMICOLON

    NUMBER  shift, and go to state 196

    medida_vol  go to state 197


State 171

   26 decl_senso: PRESSAO_ALVO • NUMBER BAR SEMICOLON

    NUMBER  shift, and go to state 198


State 172

    9 bloco_receita: LBRACE bloco_receita_items RBRACE •

    $default  reduce using rule 9 (bloco_receita)


State 173

   11 bloco_receita_items: bloco_receita_items bloco_receita_item •

    $default  reduce using rule 11 (bloco_receita_items)


State 174

   12 bloco_receita_item: decl_senso •

    $default  reduce using rule 12 (bloco_receita_item)


State 175

   13 bloco_receita_item: decl_local •

    $default  reduce using rule 13 (bloco_receita_item)


State 176

   38 decl_local: decl •

    $default  reduce using rule 38 (decl_local)


State 177

   14 bloco_receita_item: stmt •

    $default  reduce using rule 14 (bloco_receita_item)


State 178

   15 bloco_receita_item: ato • SEMICOLON

    SEMICOLON  shift, and go to state 199


State 179

   16 reacao: QUANDO evento_tipo ARROW ato SEMICOLON •

    $default  reduce using rule 16 (reacao)


State 180

   42 var_decl: DEF IDENTIFIER COLON tipo ASSIGN_OP • expr SEMICOLON

    TEMP        shift, and go to state 43
    PRESSAO     shift, and go to state 44
    AGUA        shift, and go to state 45
    GRAOS       shift, and go to state 46
    FLUXO       shift, and go to state 47
    COPO        shift, and go to state 48
    PORTA       shift, and go to state 49
    VERDADEIRO  shift, and go to state 50
    FALSO       shift, and go to state 51
    NAO         shift, and go to state 52
    LPAREN      shift, and go to state 53
    PLUS        shift, and go to state 54
    MINUS       shift, and go to state 55
    NOT         shift, and go to state 56
    IDENTIFIER  shift, and go to state 15
    STRING      shift, and go to state 57
    NUMBER      shift, and go to state 58

    lvalue          go to state 59
    expr            go to state 200
    logic_or        go to state 61
    logic_and       go to state 62
    equality        go to state 63
    relational      go to state 64
    additive        go to state 65
    multiplicative  go to state 66
    unary           go to state 67
    primary         go to state 68
    bool_literal    go to state 69
    sensor_zeroarg  go to state 70
    sensor_nome     go to state 71


State 181

   41 var_decl: DEF IDENTIFIER COLON tipo SEMICOLON •

    $default  reduce using rule 41 (var_decl)


State 182

   43 const_decl: CONST IDENTIFIER COLON tipo ASSIGN_OP • expr SEMICOLON

    TEMP        shift, and go to state 43
    PRESSAO     shift, and go to state 44
    AGUA        shift, and go to state 45
    GRAOS       shift, and go to state 46
    FLUXO       shift, and go to state 47
    COPO        shift, and go to state 48
    PORTA       shift, and go to state 49
    VERDADEIRO  shift, and go to state 50
    FALSO       shift, and go to state 51
    NAO         shift, and go to state 52
    LPAREN      shift, and go to state 53
    PLUS        shift, and go to state 54
    MINUS       shift, and go to state 55
    NOT         shift, and go to state 56
    IDENTIFIER  shift, and go to state 15
    STRING      shift, and go to state 57
    NUMBER      shift, and go to state 58

    lvalue          go to state 59
    expr            go to state 201
    logic_or        go to state 61
    logic_and       go to state 62
    equality        go to state 63
    relational      go to state 64
    additive        go to state 65
    multiplicative  go to state 66
    unary           go to state 67
    primary         go to state 68
    bool_literal    go to state 69
    sensor_zeroarg  go to state 70
    sensor_nome     go to state 71


State 183

   68 if_stmt: SE LPAREN expr RPAREN stmt •
   69        | SE LPAREN expr RPAREN stmt • SENAO stmt

    SENAO  shift, and go to state 202

    SENAO     [reduce using rule 68 (if_stmt)]
    $default  reduce using rule 68 (if_stmt)


State 184

   70 while_stmt: ENQUANTO LPAREN expr RPAREN stmt •

    $default  reduce using rule 70 (while_stmt)


State 185

   72 for_range_stmt: PARA IDENTIFIER EM expr RANGE • expr bloco

    TEMP        shift, and go to state 43
    PRESSAO     shift, and go to state 44
    AGUA        shift, and go to state 45
    GRAOS       shift, and go to state 46
    FLUXO       shift, and go to state 47
    COPO        shift, and go to state 48
    PORTA       shift, and go to state 49
    VERDADEIRO  shift, and go to state 50
    FALSO       shift, and go to state 51
    NAO         shift, and go to state 52
    LPAREN      shift, and go to state 53
    PLUS        shift, and go to state 54
    MINUS       shift, and go to state 55
    NOT         shift, and go to state 56
    IDENTIFIER  shift, and go to state 15
    STRING      shift, and go to state 57
    NUMBER      shift, and go to state 58

    lvalue          go to state 59
    expr            go to state 203
    logic_or        go to state 61
    logic_and       go to state 62
    equality        go to state 63
    relational      go to state 64
    additive        go to state 65
    multiplicative  go to state 66
    unary           go to state 67
    primary         go to state 68
    bool_literal    go to state 69
    sensor_zeroarg  go to state 70
    sensor_nome     go to state 71


State 186

  136 medida_vol: NUMBER ML_TYPE •

    $default  reduce using rule 136 (medida_vol)


State 187

  137 medida_peso: NUMBER G_TYPE •

    $default  reduce using rule 137 (medida_peso)


State 188

  138 medida_tempo: NUMBER S_TYPE •

    $default  reduce using rule 138 (medida_tempo)


State 189

  139 medida_tempo: NUMBER MS_TYPE •

    $default  reduce using rule 139 (medida_tempo)


State 190

  140 medida_temp: NUMBER CELSIUS_UNIT •

    $default  reduce using rule 140 (medida_temp)


State 191

  141 medida_temp: NUMBER C_UNIT •

    $default  reduce using rule 141 (medida_temp)


State 192

   86 argumentos: argumentos COMMA • arg

    TEMP        shift, and go to state 43
    PRESSAO     shift, and go to state 44
    AGUA        shift, and go to state 45
    GRAOS       shift, and go to state 46
    FLUXO       shift, and go to state 47
    COPO        shift, and go to state 48
    PORTA       shift, and go to state 49
    VERDADEIRO  shift, and go to state 50
    FALSO       shift, and go to state 51
    NAO         shift, and go to state 52
    LPAREN      shift, and go to state 53
    PLUS        shift, and go to state 54
    MINUS       shift, and go to state 55
    NOT         shift, and go to state 56
    IDENTIFIER  shift, and go to state 15
    STRING      shift, and go to state 159
    NUMBER      shift, and go to state 160

    lvalue          go to state 59
    arg             go to state 204
    expr            go to state 163
    logic_or        go to state 61
    logic_and       go to state 62
    equality        go to state 63
    relational      go to state 64
    additive        go to state 65
    multiplicative  go to state 66
    unary           go to state 67
    primary         go to state 68
    bool_literal    go to state 69
    sensor_zeroarg  go to state 70
    sensor_nome     go to state 71
    medida_vol      go to state 164
    medida_peso     go to state 165
    medida_tempo    go to state 166
    medida_temp     go to state 167


State 193

   23 decl_senso: PERFIL LBRACE • perf_items RBRACE SEMICOLON

    $default  reduce using rule 27 (perf_items)

    perf_items  go to state 205


State 194

  140 medida_temp: NUMBER • CELSIUS_UNIT
  141            | NUMBER • C_UNIT

    CELSIUS_UNIT  shift, and go to state 190
    C_UNIT        shift, and go to state 191


State 195

   24 decl_senso: TEMPERATURA medida_temp • SEMICOLON

    SEMICOLON  shift, and go to state 206


State 196

  136 medida_vol: NUMBER • ML_TYPE

    ML_TYPE  shift, and go to state 186


State 197

   25 decl_senso: EXTRAIR medida_vol • EM medida_tempo SEMICOLON

    EM  shift, and go to state 207


State 198

   26 decl_senso: PRESSAO_ALVO NUMBER • BAR SEMICOLON

    BAR  shift, and go to state 208


State 199

   15 bloco_receita_item: ato SEMICOLON •

    $default  reduce using rule 15 (bloco_receita_item)


State 200

   42 var_decl: DEF IDENTIFIER COLON tipo ASSIGN_OP expr • SEMICOLON

    SEMICOLON  shift, and go to state 209


State 201

   43 const_decl: CONST IDENTIFIER COLON tipo ASSIGN_OP expr • SEMICOLON

    SEMICOLON  shift, and go to state 210


State 202

   69 if_stmt: SE LPAREN expr RPAREN stmt SENAO • stmt

    SE          shift, and go to state 8
    ENQUANTO    shift, and go to state 9
    REPETIR     shift, and go to state 10
    PARA        shift, and go to state 11
    SAIR        shift, and go to state 12
    PULAR       shift, and go to state 13
    LBRACE      shift, and go to state 14
    IDENTIFIER  shift, and go to state 15

    stmt            go to state 211
    bloco           go to state 24
    assign          go to state 25
    lvalue          go to state 26
    if_stmt         go to state 27
    while_stmt      go to state 28
    repeat_stmt     go to state 29
    for_range_stmt  go to state 30


State 203

   72 for_range_stmt: PARA IDENTIFIER EM expr RANGE expr • bloco

    LBRACE  shift, and go to state 14

    bloco  go to state 212


State 204

   86 argumentos: argumentos COMMA arg •

    $default  reduce using rule 86 (argumentos)


State 205

   23 decl_senso: PERFIL LBRACE perf_items • RBRACE SEMICOLON
   28 perf_items: perf_items • perf_item

    CORPO        shift, and go to state 213
    ACIDEZ       shift, and go to state 214
    AROMA        shift, and go to state 215
    INTENSIDADE  shift, and go to state 216
    RBRACE       shift, and go to state 217

    perf_item  go to state 218


State 206

   24 decl_senso: TEMPERATURA medida_temp SEMICOLON •

    $default  reduce using rule 24 (decl_senso)


State 207

   25 decl_senso: EXTRAIR medida_vol EM • medida_tempo SEMICOLON

    NUMBER  shift, and go to state 219

    medida_tempo  go to state 220


State 208

   26 decl_senso: PRESSAO_ALVO NUMBER BAR • SEMICOLON

    SEMICOLON  shift, and go to state 221


State 209

   42 var_decl: DEF IDENTIFIER COLON tipo ASSIGN_OP expr SEMICOLON •

    $default  reduce using rule 42 (var_decl)


State 210

   43 const_decl: CONST IDENTIFIER COLON tipo ASSIGN_OP expr SEMICOLON •

    $default  reduce using rule 43 (const_decl)


State 211

   69 if_stmt: SE LPAREN expr RPAREN stmt SENAO stmt •

    $default  reduce using rule 69 (if_stmt)


State 212

   72 for_range_stmt: PARA IDENTIFIER EM expr RANGE expr bloco •

    $default  reduce using rule 72 (for_range_stmt)


State 213

   29 perf_item: CORPO • nivel SEMICOLON

    SUAVE    shift, and go to state 222
    MEDIO    shift, and go to state 223
    FORTE    shift, and go to state 224
    INTENSO  shift, and go to state 225

    nivel  go to state 226


State 214

   30 perf_item: ACIDEZ • nivel SEMICOLON

    SUAVE    shift, and go to state 222
    MEDIO    shift, and go to state 223
    FORTE    shift, and go to state 224
    INTENSO  shift, and go to state 225

    nivel  go to state 227


State 215

   31 perf_item: AROMA • nivel SEMICOLON

    SUAVE    shift, and go to state 222
    MEDIO    shift, and go to state 223
    FORTE    shift, and go to state 224
    INTENSO  shift, and go to state 225

    nivel  go to state 228


State 216

   32 perf_item: INTENSIDADE • nivel SEMICOLON

    SUAVE    shift, and go to state 222
    MEDIO    shift, and go to state 223
    FORTE    shift, and go to state 224
    INTENSO  shift, and go to state 225

    nivel  go to state 229


State 217

   23 decl_senso: PERFIL LBRACE perf_items RBRACE • SEMICOLON

    SEMICOLON  shift, and go to state 230


State 218

   28 perf_items: perf_items perf_item •

    $default  reduce using rule 28 (perf_items)


State 219

  138 medida_tempo: NUMBER • S_TYPE
  139             | NUMBER • MS_TYPE

    S_TYPE   shift, and go to state 188
    MS_TYPE  shift, and go to state 189


State 220

   25 decl_senso: EXTRAIR medida_vol EM medida_tempo • SEMICOLON

    SEMICOLON  shift, and go to state 231


State 221

   26 decl_senso: PRESSAO_ALVO NUMBER BAR SEMICOLON •

    $default  reduce using rule 26 (decl_senso)


State 222

   33 nivel: SUAVE •

    $default  reduce using rule 33 (nivel)


State 223

   34 nivel: MEDIO •

    $default  reduce using rule 34 (nivel)


State 224

   35 nivel: FORTE •

    $default  reduce using rule 35 (nivel)


State 225

   36 nivel: INTENSO •

    $default  reduce using rule 36 (nivel)


State 226

   29 perf_item: CORPO nivel • SEMICOLON

    SEMICOLON  shift, and go to state 232


State 227

   30 perf_item: ACIDEZ nivel • SEMICOLON

    SEMICOLON  shift, and go to state 233


State 228

   31 perf_item: AROMA nivel • SEMICOLON

    SEMICOLON  shift, and go to state 234


State 229

   32 perf_item: INTENSIDADE nivel • SEMICOLON

    SEMICOLON  shift, and go to state 235


State 230

   23 decl_senso: PERFIL LBRACE perf_items RBRACE SEMICOLON •

    $default  reduce using rule 23 (decl_senso)


State 231

   25 decl_senso: EXTRAIR medida_vol EM medida_tempo SEMICOLON •

    $default  reduce using rule 25 (decl_senso)


State 232

   29 perf_item: CORPO nivel SEMICOLON •

    $default  reduce using rule 29 (perf_item)


State 233

   30 perf_item: ACIDEZ nivel SEMICOLON •

    $default  reduce using rule 30 (perf_item)


State 234

   31 perf_item: AROMA nivel SEMICOLON •

    $default  reduce using rule 31 (perf_item)


State 235

   32 perf_item: INTENSIDADE nivel SEMICOLON •

    $default  reduce using rule 32 (perf_item)
